c:\users\임화종\onedrive\바탕 화면\2017132030lhj\2017132030lhj\debug\2017132030lhj.pch
c:\users\임화종\onedrive\바탕 화면\2017132030lhj\2017132030lhj\debug\vc140.pdb
c:\users\임화종\onedrive\바탕 화면\2017132030lhj\2017132030lhj\debug\vc140.idb
c:\users\임화종\onedrive\바탕 화면\2017132030lhj\2017132030lhj\debug\stdafx.obj
c:\users\임화종\onedrive\바탕 화면\2017132030lhj\2017132030lhj\debug\2017132030lhj.obj
c:\users\임화종\onedrive\바탕 화면\2017132030lhj\2017132030lhj\debug\2017132030lhjdoc.obj
c:\users\임화종\onedrive\바탕 화면\2017132030lhj\2017132030lhj\debug\2017132030lhjview.obj
c:\users\임화종\onedrive\바탕 화면\2017132030lhj\2017132030lhj\debug\mainfrm.obj
c:\users\임화종\onedrive\바탕 화면\2017132030lhj\2017132030lhj\debug\planet.obj
c:\users\임화종\onedrive\바탕 화면\2017132030lhj\2017132030lhj\debug\planet_dlg.obj
c:\users\임화종\onedrive\바탕 화면\2017132030lhj\debug\2017132030lhj.ilk
c:\users\임화종\onedrive\바탕 화면\2017132030lhj\debug\2017132030lhj.exe
c:\users\임화종\onedrive\바탕 화면\2017132030lhj\debug\2017132030lhj.pdb
c:\users\임화종\onedrive\바탕 화면\2017132030lhj\2017132030lhj\debug\2017132030lhj.res
c:\users\임화종\onedrive\바탕 화면\2017132030lhj\2017132030lhj\debug\2017132030lhj.tlog\cl.command.1.tlog
c:\users\임화종\onedrive\바탕 화면\2017132030lhj\2017132030lhj\debug\2017132030lhj.tlog\cl.read.1.tlog
c:\users\임화종\onedrive\바탕 화면\2017132030lhj\2017132030lhj\debug\2017132030lhj.tlog\cl.write.1.tlog
c:\users\임화종\onedrive\바탕 화면\2017132030lhj\2017132030lhj\debug\2017132030lhj.tlog\link.command.1.tlog
c:\users\임화종\onedrive\바탕 화면\2017132030lhj\2017132030lhj\debug\2017132030lhj.tlog\link.read.1.tlog
c:\users\임화종\onedrive\바탕 화면\2017132030lhj\2017132030lhj\debug\2017132030lhj.tlog\link.write.1.tlog
c:\users\임화종\onedrive\바탕 화면\2017132030lhj\2017132030lhj\debug\2017132030lhj.tlog\rc.command.1.tlog
c:\users\임화종\onedrive\바탕 화면\2017132030lhj\2017132030lhj\debug\2017132030lhj.tlog\rc.read.1.tlog
c:\users\임화종\onedrive\바탕 화면\2017132030lhj\2017132030lhj\debug\2017132030lhj.tlog\rc.write.1.tlog
